<html filename="test-yourself-go-team" display_name="Test Yourself: Go Team!"/>